<?xml version="1.0" encoding="UTF-8" ?>
<testsuite failures="0" time="0.018" errors="0" skipped="0" tests="1" name="com.mycompany.simplechat.AppTest">
  <properties>
    <property name="java.runtime.name" value="Java(TM) SE Runtime Environment"/>
    <property name="sun.boot.library.path" value="/usr/java/jdk1.6.0_31/jre/lib/amd64"/>
    <property name="java.vm.version" value="20.6-b01"/>
    <property name="java.vm.vendor" value="Sun Microsystems Inc."/>
    <property name="java.vendor.url" value="http://java.sun.com/"/>
    <property name="path.separator" value=":"/>
    <property name="java.vm.name" value="Java HotSpot(TM) 64-Bit Server VM"/>
    <property name="file.encoding.pkg" value="sun.io"/>
    <property name="user.country" value="US"/>
    <property name="sun.java.launcher" value="SUN_STANDARD"/>
    <property name="sun.os.patch.level" value="unknown"/>
    <property name="java.vm.specification.name" value="Java Virtual Machine Specification"/>
    <property name="user.dir" value="/home/mbriskar/NetBeansProjects/SimpleChat"/>
    <property name="java.runtime.version" value="1.6.0_31-b04"/>
    <property name="java.awt.graphicsenv" value="sun.awt.X11GraphicsEnvironment"/>
    <property name="basedir" value="/home/mbriskar/NetBeansProjects/SimpleChat"/>
    <property name="java.endorsed.dirs" value="/usr/java/jdk1.6.0_31/jre/lib/endorsed"/>
    <property name="os.arch" value="amd64"/>
    <property name="surefire.real.class.path" value="/home/mbriskar/NetBeansProjects/SimpleChat/target/surefire/surefirebooter8085257858612452661.jar"/>
    <property name="java.io.tmpdir" value="/tmp"/>
    <property name="line.separator" value="
"/>
    <property name="java.vm.specification.vendor" value="Sun Microsystems Inc."/>
    <property name="os.name" value="Linux"/>
    <property name="sun.jnu.encoding" value="UTF-8"/>
    <property name="java.library.path" value="/usr/java/jdk1.6.0_31/jre/lib/amd64/server:/usr/java/jdk1.6.0_31/jre/lib/amd64:/usr/java/jdk1.6.0_31/jre/../lib/amd64:/usr/java/packages/lib/amd64:/usr/lib64:/lib64:/lib:/usr/lib"/>
    <property name="surefire.test.class.path" value="/home/mbriskar/NetBeansProjects/SimpleChat/target/test-classes:/home/mbriskar/NetBeansProjects/SimpleChat/target/classes:/home/mbriskar/.m2/repository/junit/junit/3.8.1/junit-3.8.1.jar:/home/mbriskar/.m2/repository/org/jgroups/jgroups/3.0.6.Final/jgroups-3.0.6.Final.jar:"/>
    <property name="java.specification.name" value="Java Platform API Specification"/>
    <property name="java.class.version" value="50.0"/>
    <property name="sun.management.compiler" value="HotSpot 64-Bit Tiered Compilers"/>
    <property name="os.version" value="3.2.9-2.fc16.x86_64"/>
    <property name="user.home" value="/home/mbriskar"/>
    <property name="user.timezone" value=""/>
    <property name="java.awt.printerjob" value="sun.print.PSPrinterJob"/>
    <property name="file.encoding" value="UTF-8"/>
    <property name="java.specification.version" value="1.6"/>
    <property name="user.name" value="mbriskar"/>
    <property name="java.class.path" value="/home/mbriskar/NetBeansProjects/SimpleChat/target/test-classes:/home/mbriskar/NetBeansProjects/SimpleChat/target/classes:/home/mbriskar/.m2/repository/junit/junit/3.8.1/junit-3.8.1.jar:/home/mbriskar/.m2/repository/org/jgroups/jgroups/3.0.6.Final/jgroups-3.0.6.Final.jar:"/>
    <property name="java.vm.specification.version" value="1.0"/>
    <property name="sun.arch.data.model" value="64"/>
    <property name="java.home" value="/usr/java/jdk1.6.0_31/jre"/>
    <property name="sun.java.command" value="/home/mbriskar/NetBeansProjects/SimpleChat/target/surefire/surefirebooter8085257858612452661.jar /home/mbriskar/NetBeansProjects/SimpleChat/target/surefire/surefire4331626438704773551tmp /home/mbriskar/NetBeansProjects/SimpleChat/target/surefire/surefire6417228871688362880tmp"/>
    <property name="java.specification.vendor" value="Sun Microsystems Inc."/>
    <property name="user.language" value="en"/>
    <property name="java.vm.info" value="mixed mode"/>
    <property name="java.version" value="1.6.0_31"/>
    <property name="java.ext.dirs" value="/usr/java/jdk1.6.0_31/jre/lib/ext:/usr/java/packages/lib/ext"/>
    <property name="sun.boot.class.path" value="/usr/java/jdk1.6.0_31/jre/lib/resources.jar:/usr/java/jdk1.6.0_31/jre/lib/rt.jar:/usr/java/jdk1.6.0_31/jre/lib/sunrsasign.jar:/usr/java/jdk1.6.0_31/jre/lib/jsse.jar:/usr/java/jdk1.6.0_31/jre/lib/jce.jar:/usr/java/jdk1.6.0_31/jre/lib/charsets.jar:/usr/java/jdk1.6.0_31/jre/lib/modules/jdk.boot.jar:/usr/java/jdk1.6.0_31/jre/classes"/>
    <property name="java.vendor" value="Sun Microsystems Inc."/>
    <property name="localRepository" value="/home/mbriskar/.m2/repository"/>
    <property name="file.separator" value="/"/>
    <property name="java.vendor.url.bug" value="http://java.sun.com/cgi-bin/bugreport.cgi"/>
    <property name="sun.cpu.endian" value="little"/>
    <property name="sun.io.unicode.encoding" value="UnicodeLittle"/>
    <property name="sun.desktop" value="gnome"/>
    <property name="sun.cpu.isalist" value=""/>
  </properties>
  <testcase time="0.002" classname="com.mycompany.simplechat.AppTest" name="testApp"/>
</testsuite>